----------------------------------------------------------------------------------------------------------------------------------
      name:  <unnamed>
       log:  E:\analyses\hiv-research\analysis\output/an_hiv_desccodes.log
  log type:  text
 opened on:  10 Jul 2020, 22:47:41

. format %4.1f PCT*

. noi l hiv_code WOMEN_N MEN_N  TOTAL_COL  

     +-----------------------------------------------------------------------------------------------------------------+
     |                                                            hiv_code   WOMEN_N_PCT      MEN_N_PCT   TOTAL_COLPCT |
     |-----------------------------------------------------------------------------------------------------------------|
  1. |                                                 43C3.: HIV positive   6908 (34.2)   13266 (65.8)   20174 (73.4) |
  2. |                       X70M6: Human immunodeficiency virus infection    800 (29.6)    1899 (70.4)     2699 (9.8) |
  3. |                                 Xa0ye: Human immunodeficiency virus    569 (49.8)     574 (50.2)     1143 (4.2) |
  4. |                        X80bg: Human immunodeficiency virus antibody    448 (47.2)     502 (52.8)      950 (3.5) |
  5. |                          XE0RX: Acquired immune deficiency syndrome    168 (35.1)     311 (64.9)      479 (1.7) |
     |-----------------------------------------------------------------------------------------------------------------|
  6. |                                               XaFuL: HIV viral load    140 (38.4)     225 (61.6)      365 (1.3) |
  7. |                      AyuC.: [X]Human immunodeficiency virus disease     67 (33.0)     136 (67.0)      203 (0.7) |
  8. |                                 XaILa: HIV 1 nucleic acid detection     92 (55.8)      73 (44.2)      165 (0.6) |
  9. |                                                 65QA.: AIDS carrier     51 (37.2)      86 (62.8)      137 (0.5) |
 10. |                          X73kd: Human immunodeficiency virus type 1     52 (40.3)      77 (59.7)      129 (0.5) |
     |-----------------------------------------------------------------------------------------------------------------|
 11. |      A7893: HIV disease resulting in Pneumocystis carinii pneumonia     35 (30.2)      81 (69.8)      116 (0.4) |
 12. |    A7880: Acute human immunodeficiency virus seroconversion illness     25 (29.1)      61 (70.9)       86 (0.3) |
 13. |          A7881: Asymptomatic human immunodeficiency virus infection     26 (33.3)      52 (66.7)       78 (0.3) |
 14. |                                    A788.: (AIDS) or (HIV infection)     28 (36.8)      48 (63.2)       76 (0.3) |
 15. |   XaZxo: Seen by community HIV (human immunodeficiency virus) nurse     29 (46.0)      34 (54.0)       63 (0.2) |
     |-----------------------------------------------------------------------------------------------------------------|
 16. | R109.: [D]Laboratory evidence of human immunodeficiency virus [HIV]     15 (25.4)      44 (74.6)       59 (0.2) |
 17. |          Xaapz: HIV infection monitoring first telephone invitation     25 (58.1)      18 (41.9)       43 (0.2) |
 18. | ZV01A: [V]Asymptomatic human immunodeficency virus infection status     20 (57.1)      15 (42.9)       35 (0.1) |
 19. |                 X80bh: Human immunodeficiency virus type 1 antibody     22 (75.9)       7 (24.1)       29 (0.1) |
 20. |                         A7883: HIV infection constitutional disease     10 (37.0)      17 (63.0)       27 (0.1) |
     |-----------------------------------------------------------------------------------------------------------------|
 21. |    AyuCD: [X]Unspecified human immunodeficiency virus [HIV] disease     10 (40.0)      15 (60.0)       25 (0.1) |
 22. | Xa0Af: Congenital human immunodeficiency virus positive status synd     10 (43.5)      13 (56.5)       23 (0.1) |
 23. |             A789.: Human immunodef virus resulting in other disease      8 (40.0)      12 (60.0)       20 (0.1) |
 24. |                   XaMBK: Human immunodeficiency virus RNA/DNA ratio      8 (40.0)      12 (60.0)       20 (0.1) |
 25. |           XaQOv: HIV positive general health check service declined      7 (41.2)      10 (58.8)       17 (0.1) |
     |-----------------------------------------------------------------------------------------------------------------|
 26. |         XaaqE: HIV infection monitoring second telephone invitation      8 (53.3)       7 (46.7)       15 (0.1) |
 27. |                         A7892: HIV disease resulting in candidiasis      8 (57.1)       6 (42.9)       14 (0.1) |
 28. |       AyuC0: [X]HIV disease resulting in other bacterial infections      . (25.0)       . (75.0)        . (0.0) |
 29. |         X003P: Acquired immune deficiency syndrome dementia complex      . (75.0)       . (25.0)        . (0.0) |
 30. |                Xaapy: HIV infection monitoring telephone invitation      . (69.2)       . (30.8)        . (0.0) |
     |-----------------------------------------------------------------------------------------------------------------|
 31. |                                     X00cZ: HIV-associated retinitis     . (100.0)        . (0.0)        . (0.0) |
 32. |          A7886: Human immunodeficiency virus with secondary cancers     . (100.0)        . (0.0)        . (0.0) |
 33. |          X70O0: Acquired immune deficiency syndrome-related complex      . (66.7)       . (33.3)        . (0.0) |
 34. |                      X70O6: Human immunodeficiency virus neuropathy      . (66.7)       . (33.3)        . (0.0) |
 35. |          XaO9K: Human immunodeficiency virus viral load by log rank       . (0.0)      . (100.0)          . (.) |
     |-----------------------------------------------------------------------------------------------------------------|
 36. |                 A7894: HIV disease resulting in multiple infections      . (33.3)       . (66.7)        . (0.0) |
 37. |                                         65VE.: Notification of AIDS      . (55.6)       . (44.4)        . (0.0) |
 38. |                 X80bi: Human immunodeficiency virus type 2 antibody      . (75.0)       . (25.0)        . (0.1) |
 39. |           AyuC1: [X]HIV disease resulting in other viral infections      . (40.0)       . (60.0)        . (0.0) |
 40. |                          X73ke: Human immunodeficiency virus type 2      . (81.3)       . (18.8)        . (0.1) |
     |-----------------------------------------------------------------------------------------------------------------|
 41. |                        X709a: Human immunodeficiency virus myopathy       . (0.0)      . (100.0)          . (.) |
 42. |             AyuCA: [X]HIV disease resulting in multiple diseases CE       . (0.0)      . (100.0)          . (.) |
 43. |        A7885: Human immunodeficiency virus with secondary infection      . (33.3)       . (66.7)        . (0.0) |
 44. |    A7882: HIV infection with persistent generalised lymphadenopathy      . (29.4)       . (70.6)        . (0.1) |
 45. |       A7884: Human immunodeficiency virus with neurological disease       . (0.0)      . (100.0)          . (.) |
     |-----------------------------------------------------------------------------------------------------------------|
 46. |                       Xa3e8: AIDS with viral/chlamydial disease NOS       . (0.0)      . (100.0)          . (.) |
 47. |               X001C: Human immunodefiency virus leucoencephalopathy     . (100.0)        . (0.0)        . (0.0) |
 48. |        A7897: HIV dis resulting oth types of non-Hodgkin's lymphoma       . (0.0)      . (100.0)          . (.) |
 49. |                   XaQOu: Human immunodeficiency virus annual review      . (27.3)       . (72.7)        . (0.0) |
 50. | AyuC7: [X]HIV dis reslt/oth mal neopl/lymph,h'matopoetc+reltd tissu      . (33.3)       . (66.7)        . (0.0) |
     |-----------------------------------------------------------------------------------------------------------------|
 51. |                     X303J: Human immunodeficiency virus enteropathy       . (0.0)      . (100.0)          . (.) |
 52. |                     X80t8: Human immunodeficiency virus p24 antigen      . (55.6)       . (44.4)        . (0.0) |
 53. | AyuC4: [X]HIV disease resulting/other infectious+parasitic diseases      . (50.0)       . (50.0)        . (0.0) |
 54. |                    AyuC2: [X]HIV disease resulting in other mycoses       . (0.0)      . (100.0)          . (.) |
 55. |               Xa0Ae: Congenital acquired immune deficiency syndrome      . (36.4)       . (63.6)        . (0.0) |
     |-----------------------------------------------------------------------------------------------------------------|
 56. | AyuC5: [X]HIV disease resulting/unspcf infectious+parasitic disease       . (0.0)      . (100.0)          . (.) |
 57. |                  A7896: HIV disease resulting in Burkitt's lymphoma       . (0.0)      . (100.0)          . (.) |
 58. |      X30IP: Acquired immune deficiency syndrome-related nephropathy      . (60.0)       . (40.0)        . (0.0) |
 59. |                    A7895: HIV disease resulting in Kaposi's sarcoma      . (36.4)       . (63.6)        . (0.0) |
 60. |          XaaqF: HIV infection monitoring third telephone invitation      . (44.4)       . (55.6)        . (0.0) |
     |-----------------------------------------------------------------------------------------------------------------|
 61. |      X70O1: Human immunodeficiency virus infection wasting syndrome       . (0.0)      . (100.0)          . (.) |
 62. |             A7891: HIV disease resulting in cytomegaloviral disease      . (50.0)       . (50.0)        . (0.0) |
 63. |    A788y: Human immunodeficiency virus with other clinical findings       . (0.0)      9 (100.0)          . (.) |
 64. |       AyuCC: [X]HIV disease resulting in other specified conditions      . (20.0)       . (80.0)        . (0.0) |
 65. | AyuCB: [X]HIV disease result/haematological+immunologic abnorms,NEC      . (50.0)       . (50.0)        . (0.0) |
     |-----------------------------------------------------------------------------------------------------------------|
 66. |               X00B7: Neuropathy due to human immunodeficiency virus       . (0.0)      . (100.0)          . (.) |
 67. |             A7890: HIV disease resulting in mycobacterial infection      . (50.0)       . (50.0)        . (0.0) |
 68. | A788z: Acquired human immunodeficiency virus infection syndrome NOS      . (11.1)       . (88.9)        . (0.2) |
 69. |                      X001B: Human immunodefiency virus encephalitis      . (25.0)       . (75.0)        . (0.1) |
 70. |   A7899: HIV disease resulting in lymphoid interstitial pneumonitis      . (50.0)       . (50.0)        . (0.0) |
     |-----------------------------------------------------------------------------------------------------------------|
 71. |        AyuC8: [X]HIV disease resulting in other malignant neoplasms     . (100.0)        . (0.0)        . (0.0) |
 72. |                XE0Tk: Acquired immune deficiency syndrome (& [ARC])      . (50.0)       . (50.0)        . (0.0) |
     +-----------------------------------------------------------------------------------------------------------------+

. 
. restore 

. 
. 
. log close
      name:  <unnamed>
       log:  E:\analyses\hiv-research\analysis\output/an_hiv_desccodes.log
  log type:  text
 closed on:  10 Jul 2020, 22:47:41
----------------------------------------------------------------------------------------------------------------------------------
