----------------------------------------------------------------------------------------------------------------------------------
      name:  <unnamed>
       log:  e:\analyses\hiv-research\analysis\output/an_imputed_demog_smokob.log
  log type:  text
 opened on:   4 Sep 2020, 11:41:57

. 
. ********************************   NOTES  **************************************
. 
. *  Assumes region is string, taking  values: 
. *    East, East Midlands, London, North East, North West, South East, 
. *    South West, West Midlands, and Yorkshire and The Humber
. *
. *  Assumes ethnicity is numeric, taking values: 
. *       1, 2, 3, 4, 5, (missing: . or .u)
. *       in the order White, Black, Asian, Mixed, Other
. *       with value labels exactly as above. 
. *       (NB: this is now intially recoded from ordering: 
. *      White, Mixed, Asian, Black, Other)       
. *
. *
. *  Assumes a complete case sample other than ethnicity
. *
. ********************************************************************************
. 
. run global

. 
. * Add imputations to the full dataset
. use "an_impute_imputeddata", clear
(Analysis dataset HIV project)

. 
. **************************
. *  Analyse imputed data  *
. **************************
. 
. // Declare imputed data as survival
. 
. mi stset stime_onsdeath, fail(onsdeath==1) enter(enter_date)    ///
>         origin(enter_date) id(patient_id)

                id:  patient_id
     failure event:  onsdeath == 1
obs. time interval:  (stime_onsdeath[_n-1], stime_onsdeath]
 enter on or after:  time enter_date
 exit on or before:  failure
    t for analysis:  (time-origin)
            origin:  time enter_date

------------------------------------------------------------------------------
   17282435  total observations
          0  exclusions
------------------------------------------------------------------------------
   17282435  observations remaining, representing
   17282435  subjects
     14,882  failures in single-failure-per-subject data
 2.4481e+09  total analysis time at risk and under observation
                                                at risk from t =         0
                                     earliest observed entry t =         0
                                          last observed exit t =       142

. 
. if "`1'"=="demog"{
. mi estimate, eform: stcox i.hiv age1 age2 age3 i.male i.imd i.ethnicity, strata(stp)
. estimates save "./output/models/an_imputed_demog", replace                                              
. }

. 
. if "`1'"=="demog_smokob"{
. mi estimate, eform: stcox i.hiv age1 age2 age3 i.male i.imd i.smoke_nomiss i.obese4cat i.ethnicity, strata(stp)

Multiple-imputation estimates                   Imputations       =         10
Stratified Cox regr.: Breslow method for ties   Number of obs     = 17,282,435
                                                Average RVI       =     0.0607
                                                Largest FMI       =     0.4235
DF adjustment:   Large sample                   DF:     min       =      55.39
                                                        avg       =   7.50e+09
                                                        max       =   6.33e+10
Model F test:       Equal FMI                   F(  18,47109.0)   =    1647.09
Within VCE type:          OIM                   Prob > F          =     0.0000

-----------------------------------------------------------------------------------------
                     _t |     exp(b)   Std. Err.      t    P>|t|     [95% Conf. Interval]
------------------------+----------------------------------------------------------------
                  1.hiv |    2.58567   .5203161     4.72   0.000     1.742952    3.835844
                   age1 |   1.172471   .0228834     8.15   0.000     1.128468    1.218191
                   age2 |    .898103   .0378774    -2.55   0.011     .8268501    .9754961
                   age3 |   1.320824    .128482     2.86   0.004     1.091553     1.59825
                 1.male |   1.621904   .0276254    28.39   0.000     1.568652    1.676962
                        |
                    imd |
                     2  |    1.15346   .0314488     5.24   0.000     1.093439    1.216775
                     3  |   1.268789   .0347115     8.70   0.000     1.202548    1.338679
                     4  |   1.589974    .042852    17.21   0.000     1.508165     1.67622
       5 most deprived  |   1.868493      .0518    22.55   0.000     1.769676    1.972828
                        |
           smoke_nomiss |
                Former  |   1.414572   .0259804    18.88   0.000     1.364557    1.466421
               Current  |   1.164324   .0416622     4.25   0.000     1.085465    1.248912
                        |
              obese4cat |
     Obese I (30-34.9)  |   1.109275   .0255652     4.50   0.000     1.060283    1.160531
    Obese II (35-39.9)  |   1.593338   .0537079    13.82   0.000     1.491474    1.702158
       Obese III (40+)  |   2.290905   .1073858    17.68   0.000     2.089812    2.511349
                        |
              ethnicity |
                 Mixed  |   1.537374   .2026994     3.26   0.002     1.180441    2.002232
Asian or Asian British  |   1.544088   .0627268    10.69   0.000     1.425518    1.672521
                 Black  |   1.621311     .09116     8.59   0.000     1.452093    1.810248
                 Other  |   1.279996   .1102151     2.87   0.004     1.080711    1.516029
-----------------------------------------------------------------------------------------
. estimates save "./output/models/an_imputed_demog_smokob", replace                                               
(note: file ./output/models/an_imputed_demog_smokob.ster not found)
file ./output/models/an_imputed_demog_smokob.ster saved
. }

. 
. if "`1'"=="full"{
. mi estimate: stcox i.hiv i.ethnicity $adjustmentlist, strata(stp)
. estimates save "./output/models/an_imputed_full", replace
. mi estimate, eform                                              
. }

. 
. if "`1'"=="fullplushepc"{
. mi estimate: stcox i.hiv i.ethnicity i.hepc $adjustmentlist, strata(stp)
. estimates save "./output/models/an_imputed_fullplushepc", replace
. mi estimate, eform                                              
. }

. 
. if "`1'"=="byage"{
. gen ageover60 = agegroup>=4
. mi estimate (_b[1.hiv]+_b[1.hiv#1.ageover60]): stcox i.hiv i.ethnicity age1 age2 age3 i.male i.imd i.smoke_nomiss i.obese4cat 1.
> hiv#1.ageover60, strata(stp)
. estimates save "./output/models/an_imputed_byage", replace
. mi estimate, eform                                              
. }

. 
. if "`1'"=="bysex"{
. mi estimate (_b[1.hiv]+_b[1.hiv#1.male]): stcox i.hiv i.ethnicity age1 age2 age3 i.male i.imd i.smoke_nomiss i.obese4cat  1.hiv#
> 1.male, strata(stp)
. estimates save "./output/models/an_imputed_bysex", replace      
. mi estimate, eform                                      
. }

. 
. if "`1'"=="byethnicity"{
. mi passive: gen nonblack = (ethnicity != 4) if ethnicity<.
. mi estimate (_b[1.hiv]+_b[1.hiv#1.nonblack]): stcox i.hiv i.ethnicity age1 age2 age3 i.male i.imd i.smoke_nomiss i.obese4cat  1.
> hiv#1.nonblack, strata(stp)
. estimates save "./output/models/an_imputed_byethnicity", replace        
. mi estimate, eform                                      
. }

. 
. 
. if "`1'"=="bycomorbidities"{
. gen anycomorbidity =                                            ///
>         hypertension                                    ///
>         |chronic_respiratory_disease    ///
>         |(asthmacat>1)                                  ///
>         |chronic_cardiac_disease                ///
>         |(diabcat>1)                                    ///
>         |(cancer_exhaem_cat>1)                  ///
>         |(cancer_haem_cat>1)                    ///
>         |chronic_liver_disease                  ///
>         |stroke_dementia                                ///
>         |other_neuro                                    ///
>         |(reduced_kidney_function_cat>1)        ///
>         |organ_transplant                               ///
>         |spleen                                                 ///
>         |ra_sle_psoriasis                               ///
>         |other_imm_except_hiv           
. mi estimate (_b[1.hiv]+_b[1.hiv#1.anycomorbidity]): stcox i.hiv i.ethnicity age1 age2 age3 i.male i.imd i.smoke_nomiss i.obese4c
> at ///
>         i.hypertension                                  ///
>         i.chronic_respiratory_disease   ///
>         i.asthmacat                                             ///
>         i.chronic_cardiac_disease               ///
>         i.diabcat                                               ///
>         i.cancer_exhaem_cat                     ///
>         i.cancer_haem_cat                               ///
>         i.chronic_liver_disease                 ///
>         i.stroke_dementia                               ///
>         i.other_neuro                                   ///
>         i.reduced_kidney_function_cat   ///
>         i.organ_transplant                              ///
>         i.spleen                                                ///
>         i.ra_sle_psoriasis                      ///
>         i.other_imm_except_hiv                  /// 
>         1.hiv#1.anycomorbidity, strata(stp)
. estimates save "./output/models/an_imputed_bycomorbidities", replace
. mi estimate, eform                                              
. }

. 
. if "`1'"=="bycomorbidities_exht"{
. gen anycomorbidity_exht =                       ///                     
>         chronic_respiratory_disease     ///
>         |(asthmacat>1)                                  ///
>         |chronic_cardiac_disease                ///
>         |(diabcat>1)                                    ///
>         |(cancer_exhaem_cat>1)                  ///
>         |(cancer_haem_cat>1)                    ///
>         |chronic_liver_disease                  ///
>         |stroke_dementia                                ///
>         |other_neuro                                    ///
>         |(reduced_kidney_function_cat>1)        ///
>         |organ_transplant                               ///
>         |spleen                                                 ///
>         |ra_sle_psoriasis                               ///
>         |other_imm_except_hiv           
. mi estimate (_b[1.hiv]+_b[1.hiv#1.anycomorbidity_exht]): stcox i.hiv i.ethnicity age1 age2 age3 i.male i.imd i.smoke_nomiss i.ob
> ese4cat ///
>         i.chronic_respiratory_disease   ///
>         i.asthmacat                                             ///
>         i.chronic_cardiac_disease               ///
>         i.diabcat                                               ///
>         i.cancer_exhaem_cat                     ///
>         i.cancer_haem_cat                               ///
>         i.chronic_liver_disease                 ///
>         i.stroke_dementia                               ///
>         i.other_neuro                                   ///
>         i.reduced_kidney_function_cat   ///
>         i.organ_transplant                              ///
>         i.spleen                                                ///
>         i.ra_sle_psoriasis                      ///
>         i.other_imm_except_hiv                  /// 
>         1.hiv#1.anycomorbidity_exht, strata(stp)
. estimates save "./output/models/an_imputed_bycomorbidities_exht", replace
. mi estimate, eform                                              
. }

.         
. log close
      name:  <unnamed>
       log:  e:\analyses\hiv-research\analysis\output/an_imputed_demog_smokob.log
  log type:  text
 closed on:   4 Sep 2020, 15:12:39
----------------------------------------------------------------------------------------------------------------------------------
