----------------------------------------------------------------------------------------------------------------------------------
      name:  <unnamed>
       log:  e:\analyses\hiv-research\analysis\output/an_imputed_byage.log
  log type:  text
 opened on:  28 Aug 2020, 17:38:45

. 
. ********************************   NOTES  **************************************
. 
. *  Assumes region is string, taking  values: 
. *    East, East Midlands, London, North East, North West, South East, 
. *    South West, West Midlands, and Yorkshire and The Humber
. *
. *  Assumes ethnicity is numeric, taking values: 
. *       1, 2, 3, 4, 5, (missing: . or .u)
. *       in the order White, Black, Asian, Mixed, Other
. *       with value labels exactly as above. 
. *       (NB: this is now intially recoded from ordering: 
. *      White, Mixed, Asian, Black, Other)       
. *
. *
. *  Assumes a complete case sample other than ethnicity
. *
. ********************************************************************************
. 
. run global

. 
. * Add imputations to the full dataset
. use "an_impute_imputeddata", clear
(Analysis dataset HIV project)

. 
. **************************
. *  Analyse imputed data  *
. **************************
. 
. // Declare imputed data as survival
. 
. mi stset stime_onsdeath, fail(onsdeath==1) enter(enter_date)    ///
>         origin(enter_date) id(patient_id)

                id:  patient_id
     failure event:  onsdeath == 1
obs. time interval:  (stime_onsdeath[_n-1], stime_onsdeath]
 enter on or after:  time enter_date
 exit on or before:  failure
    t for analysis:  (time-origin)
            origin:  time enter_date

------------------------------------------------------------------------------
   17282435  total observations
          0  exclusions
------------------------------------------------------------------------------
   17282435  observations remaining, representing
   17282435  subjects
     14,882  failures in single-failure-per-subject data
 2.4481e+09  total analysis time at risk and under observation
                                                at risk from t =         0
                                     earliest observed entry t =         0
                                          last observed exit t =       142

. 
. 
. if "`1'"=="demog"{
. mi estimate, eform: stcox i.hiv age1 age2 age3 i.male i.imd i.ethnicity, strata(stp)
. estimates save "./output/models/an_imputed_demog", replace                                              
. }

. 
. if "`1'"=="full"{
. mi estimate: stcox i.hiv i.ethnicity $adjustmentlist, strata(stp)
. estimates save "./output/models/an_imputed_full", replace
. mi estimate, eform                                              
. }

. 
. if "`1'"=="fullplushepc"{
. mi estimate: stcox i.hiv i.ethnicity i.hepc $adjustmentlist, strata(stp)
. estimates save "./output/models/an_imputed_fullplushepc", replace
. mi estimate, eform                                              
. }

. 
. if "`1'"=="byage"{
. gen ageover60 = agegroup>=4
. mi estimate (_b[1.hiv]+_b[1.hiv#1.ageover60]): stcox i.hiv i.ethnicity age1 age2 age3 i.male i.imd 1.hiv#1.ageover60, strata(stp
> )

Multiple-imputation estimates                   Imputations       =         10
Stratified Cox regr.: Breslow method for ties   Number of obs     = 17,282,435
                                                Average RVI       =     0.0782
                                                Largest FMI       =     0.4273
DF adjustment:   Large sample                   DF:     min       =      54.43
                                                        avg       =   2.52e+10
                                                        max       =   2.13e+11
Model F test:       Equal FMI                   F(  14,22510.3)   =    2046.51
Within VCE type:          OIM                   Prob > F          =     0.0000

-----------------------------------------------------------------------------------------
                     _t |      Coef.   Std. Err.      t    P>|t|     [95% Conf. Interval]
------------------------+----------------------------------------------------------------
                  1.hiv |    1.10134   .3185049     3.46   0.001     .4770815    1.725598
                        |
              ethnicity |
                 Mixed  |   .3939025   .1322181     2.98   0.004     .1288687    .6589363
Asian or Asian British  |   .3189495   .0401195     7.95   0.000     .2400539    .3978451
                 Black  |   .4305747   .0561161     7.67   0.000      .320561    .5405883
                 Other  |   .1764805   .0858864     2.05   0.040     .0076949    .3452661
                        |
                   age1 |   .1545848   .0190831     8.10   0.000     .1171826    .1919869
                   age2 |  -.0812868   .0413785    -1.96   0.049    -.1623871   -.0001865
                   age3 |   .1998717   .0955959     2.09   0.037     .0125073    .3872362
                 1.male |   .5228999   .0166566    31.39   0.000     .4902536    .5555462
                        |
                    imd |
                     2  |   .1561284   .0272553     5.73   0.000      .102709    .2095478
                     3  |   .2643049   .0273213     9.67   0.000     .2107562    .3178537
                     4  |   .5025232   .0268602    18.71   0.000     .4498783    .5551682
       5 most deprived  |   .6804112   .0274931    24.75   0.000     .6265257    .7342967
                        |
          hiv#ageover60 |
                   1 1  |  -.2808131   .4095266    -0.69   0.493    -1.083471    .5218442
-----------------------------------------------------------------------------------------

Transformations                                 Average RVI       =     0.0003
                                                Largest FMI       =     0.0003
DF adjustment:   Large sample                   DF:     min       =   1.06e+08
                                                        avg       =   1.06e+08
Within VCE type:          OIM                           max       =   1.06e+08

        _mi_1: _b[1.hiv]+_b[1.hiv#1.ageover60]

------------------------------------------------------------------------------
          _t |      Coef.   Std. Err.      t    P>|t|     [95% Conf. Interval]
-------------+----------------------------------------------------------------
       _mi_1 |   .8205264   .2588698     3.17   0.002     .3131508    1.327902
------------------------------------------------------------------------------
. estimates save "./output/models/an_imputed_byage", replace
file ./output/models/an_imputed_byage.ster saved
. mi estimate, eform                                              

Multiple-imputation estimates                   Imputations       =         10
Stratified Cox regr.: Breslow method for ties   Number of obs     = 17,282,435
                                                Average RVI       =     0.0782
                                                Largest FMI       =     0.4273
DF adjustment:   Large sample                   DF:     min       =      54.43
                                                        avg       =   2.52e+10
                                                        max       =   2.13e+11
Model F test:       Equal FMI                   F(  14,22510.3)   =    2046.51
Within VCE type:          OIM                   Prob > F          =     0.0000

-----------------------------------------------------------------------------------------
                     _t |     exp(b)   Std. Err.      t    P>|t|     [95% Conf. Interval]
------------------------+----------------------------------------------------------------
                  1.hiv |   3.008193   .9581241     3.46   0.001     1.611365    5.615876
                        |
              ethnicity |
                 Mixed  |   1.482756   .1960471     2.98   0.004     1.137541    1.932735
Asian or Asian British  |   1.375682   .0551916     7.95   0.000     1.271318    1.488613
                 Black  |   1.538141   .0863145     7.67   0.000     1.377901    1.717017
                 Other  |   1.193011   .1024634     2.05   0.040     1.007725    1.412366
                        |
                   age1 |   1.167173   .0222732     8.10   0.000     1.124325    1.211655
                   age2 |   .9219293    .038148    -1.96   0.049     .8501121    .9998135
                   age3 |   1.221246   .1167461     2.09   0.037     1.012586    1.472904
                 1.male |   1.686912   .0280982    31.39   0.000      1.63273    1.742893
                        |
                    imd |
                     2  |   1.168976   .0318608     5.73   0.000     1.108169     1.23312
                     3  |   1.302525   .0355867     9.67   0.000     1.234611    1.374175
                     4  |   1.652887   .0443968    18.71   0.000     1.568121    1.742234
       5 most deprived  |   1.974689   .0542903    24.75   0.000     1.871098    2.084016
                        |
          hiv#ageover60 |
                   1 1  |   .7551694    .309262    -0.69   0.493      .338419    1.685133
-----------------------------------------------------------------------------------------

Transformations                                 Average RVI       =     0.0003
                                                Largest FMI       =     0.0003
DF adjustment:   Large sample                   DF:     min       =   1.06e+08
                                                        avg       =   1.06e+08
Within VCE type:          OIM                           max       =   1.06e+08

        _mi_1: _b[1.hiv]+_b[1.hiv#1.ageover60]

------------------------------------------------------------------------------
          _t |      Coef.   Std. Err.      t    P>|t|     [95% Conf. Interval]
-------------+----------------------------------------------------------------
       _mi_1 |   .8205264   .2588698     3.17   0.002     .3131508    1.327902
------------------------------------------------------------------------------
. }

. 
. if "`1'"=="bysex"{
. mi estimate (_b[1.hiv]+_b[1.hiv#1.male]): stcox i.hiv i.ethnicity age1 age2 age3 i.male i.imd  1.hiv#1.male, strata(stp)
. estimates save "./output/models/an_imputed_bysex", replace      
. mi estimate, eform                                      
. }

. 
. if "`1'"=="byethnicity"{
. mi passive: gen nonblack = (ethnicity != 4) if ethnicity<.
. mi estimate (_b[1.hiv]+_b[1.hiv#1.nonblack]): stcox i.hiv i.ethnicity age1 age2 age3 i.male i.imd  1.hiv#1.nonblack, strata(stp)
. estimates save "./output/models/an_imputed_byethnicity", replace        
. mi estimate, eform                                      
. }

. 
. 
. if "`1'"=="bycomorbidities"{
. gen anycomorbidity =                                            ///
>         hypertension                                    ///
>         |chronic_respiratory_disease    ///
>         |(asthmacat>1)                                  ///
>         |chronic_cardiac_disease                ///
>         |(diabcat>1)                                    ///
>         |(cancer_exhaem_cat>1)                  ///
>         |(cancer_haem_cat>1)                    ///
>         |chronic_liver_disease                  ///
>         |stroke_dementia                                ///
>         |other_neuro                                    ///
>         |(reduced_kidney_function_cat>1)        ///
>         |organ_transplant                               ///
>         |spleen                                                 ///
>         |ra_sle_psoriasis                               ///
>         |other_imm_except_hiv           
. mi estimate (_b[1.hiv]+_b[1.hiv#1.anycomorbidity]): stcox i.hiv i.ethnicity age1 age2 age3 i.male i.imd 1.hiv#1.anycomorbidity, 
> strata(stp)
. estimates save "./output/models/an_imputed_bycomorbidities", replace
. mi estimate, eform                                              
. }

. 
. if "`1'"=="bycomorbidities_exht"{
. gen anycomorbidity_exht =                       ///                     
>         chronic_respiratory_disease     ///
>         |(asthmacat>1)                                  ///
>         |chronic_cardiac_disease                ///
>         |(diabcat>1)                                    ///
>         |(cancer_exhaem_cat>1)                  ///
>         |(cancer_haem_cat>1)                    ///
>         |chronic_liver_disease                  ///
>         |stroke_dementia                                ///
>         |other_neuro                                    ///
>         |(reduced_kidney_function_cat>1)        ///
>         |organ_transplant                               ///
>         |spleen                                                 ///
>         |ra_sle_psoriasis                               ///
>         |other_imm_except_hiv           
. mi estimate (_b[1.hiv]+_b[1.hiv#1.anycomorbidity_exht]): stcox i.hiv i.ethnicity age1 age2 age3 i.male i.imd 1.hiv#1.anycomorbid
> ity_exht, strata(stp)
. estimates save "./output/models/an_imputed_bycomorbidities_exht", replace
. mi estimate, eform                                              
. }

.         
. log close
      name:  <unnamed>
       log:  e:\analyses\hiv-research\analysis\output/an_imputed_byage.log
  log type:  text
 closed on:  28 Aug 2020, 21:53:46
----------------------------------------------------------------------------------------------------------------------------------
