----------------------------------------------------------------------------------------------------------------------------------
      name:  <unnamed>
       log:  E:\analyses\hiv-research\analysis\output/an_outcomes_crude.log
  log type:  text
 opened on:  15 Sep 2020, 01:12:24

. 
. run global 

. 
. use "cr_create_analysis_dataset_STSET_onsdeath_fail1", clear
(Analysis dataset HIV project)

. 
. if "`1'"=="crude"{
. 
. ******************************
. *  Crude Cox model  *
. ******************************
. capture stcox i.hiv, strata(stp) 
. if _rc==0 {
.                 noi di _n  "UNADJUSTED (FULL STUDY POP)" _n 

UNADJUSTED (FULL STUDY POP)

.                 estimates

----------------------------------------------------------------------------------------------------------------------------------
active results
----------------------------------------------------------------------------------------------------------------------------------

Stratified Cox regr. -- Breslow method for ties

No. of subjects =   17,308,294                  Number of obs    =  17,308,294
No. of failures =       14,994
Time at risk    =   2486223555
                                                LR chi2(1)       =        0.02
Log likelihood  =   -202023.79                  Prob > chi2      =      0.8866

------------------------------------------------------------------------------
          _t | Haz. Ratio   Std. Err.      z    P>|z|     [95% Conf. Interval]
-------------+----------------------------------------------------------------
       1.hiv |    1.02911   .2060464     0.14   0.886     .6950815    1.523659
------------------------------------------------------------------------------
                                                             Stratified by stp
.                 estimates save ./output/models/an_outcomes_crude, replace
(note: file ./output/models/an_outcomes_crude.ster not found)
file ./output/models/an_outcomes_crude.ster saved
.                 }
.         else {
.         di "WARNING - CRUDE MODEL DID NOT SUCCESSFULLY FIT"
.         }
. 
. }

. 
. 
. 
. if "`1'"=="rates_agesex"{
. strate hiv, per(365000) output(./output/an_outcomes_RATES, replace)
. 
. 
. ******************************
. *  Age-sex Cox model  *
. ******************************
. capture stcox age1 age2 age3 i.male i.hiv, strata(stp) 
. if _rc==0 {
.                 noi di _n  "AGE-SEX ADJUSTED (FULL STUDY POP)" _n 
.                 estimates
.                 estimates save ./output/models/an_outcomes_agesex, replace
.                 }
.         else {
.         di "WARNING - AGESEX MODEL DID NOT SUCCESSFULLY FIT"
.         }
. 
. }

. 
. 
. **************************************
. *  Demographics +/- ethnicity model  *
. **************************************
. 
. if "`1'"=="demog_cceth"{
. capture stcox age1 age2 age3 i.male i.imd i.ethnicity i.hiv, strata(stp) 
. if _rc==0 {
.                 noi di _n "DEMOGRAPHICS ADJUSTED INCLUDING ETHNICITY (COMPLETE CASES)" _n 
.                 estimates
.                 estimates save ./output/models/an_outcomes_adjdemographics_inceth, replace
.                 }
.         else di "WARNING - hiv adj demog inc CC eth MODEL DID NOT SUCCESSFULLY FIT"
. }

. 
. if "`1'"=="demog_noeth"{
. capture stcox age1 age2 age3 i.male i.imd i.hiv, strata(stp) 
. if _rc==0 {
.                 noi di _n  "DEMOGRAPHICS ADJUSTED EXCLUDING ETHNICITY (FULL STUDY POP)" _n 
.                 estimates
.                 estimates save ./output/models/an_outcomes_adjdemographics_noeth, replace
.                 }
.         else di "WARNING - hiv adj demog no eth MODEL DID NOT SUCCESSFULLY FIT"
. }

. 
. ******************************
. *  Multivariable Cox model  *
. ******************************
. 
. if "`1'"=="mv_cceth"{
. capture stcox   i.hiv i.ethnicity $adjustmentlist , strata(stp)
. if _rc==0 {
.                 noi di _n "FULLY ADJUSTED MODEL INC ETHNICITY (COMPLETE CASES)" _n 
.                 estimates
.                 estimates save ./output/models/an_outcomes_adjfull_inceth, replace
.                 }
.         else di "WARNING - hiv adj demog inc CC eth MODEL DID NOT SUCCESSFULLY FIT"
. }

. 
. if "`1'"=="mv_noeth"{
. capture stcox   i.hiv $adjustmentlist , strata(stp)
. if _rc==0 {
.                 noi di _n "FULLY ADJUSTED MODEL NO ETHNICITY " _n 
.                 estimates
.                 estimates save ./output/models/an_outcomes_adjfull_noeth, replace
.                 }
.         else di "WARNING - hiv full adj exc eth MODEL DID NOT SUCCESSFULLY FIT"
. }

. 
. if "`1'"=="mv_addhepc"{
. capture stcox   i.hiv  i.ethnicity i.hepc $adjustmentlist , strata(stp)
. if _rc==0 {
.                 noi di _n "FULLY ADJUSTED MODEL INC ETHNICITY (COMPLETE CASES) PLUS HEP C" _n 
.                 estimates
.                 estimates save ./output/models/an_outcomes_adjfull_plushepc_inceth, replace
.                 }
.         else di "WARNING - hiv full adj plus hepc inc eth MODEL DID NOT SUCCESSFULLY FIT"
. }

.         
. log close
      name:  <unnamed>
       log:  E:\analyses\hiv-research\analysis\output/an_outcomes_crude.log
  log type:  text
 closed on:  15 Sep 2020, 01:25:13
----------------------------------------------------------------------------------------------------------------------------------
