----------------------------------------------------------------------------------------------------------------------------------
      name:  <unnamed>
       log:  E:\analyses\hiv-research\analysis\output/an_sens_addhhsize.log
  log type:  text
 opened on:  15 Sep 2020, 01:12:25

. 
. 
. use "an_impute_imputeddata", clear
(Analysis dataset HIV project)

. 
. **************************
. *  Analyse imputed data  *
. **************************
. 
. merge 1:1 patient_id using _hhdata_ethstudy

    Result                           # of obs.
    -----------------------------------------
    not matched                       224,060
        from master                     1,719  (_merge==1)
        from using                    222,341  (_merge==2)

    matched                        17,280,716  (_merge==3)
    -----------------------------------------

. 
. // Declare imputed data as survival
. 
. mi stset stime_onsdeath, fail(onsdeath==1) enter(enter_date)    ///
>         origin(enter_date) id(patient_id)

                id:  patient_id
     failure event:  onsdeath == 1
obs. time interval:  (stime_onsdeath[_n-1], stime_onsdeath]
 enter on or after:  time enter_date
 exit on or before:  failure
    t for analysis:  (time-origin)
            origin:  time enter_date

------------------------------------------------------------------------------
   17504776  total observations
    222,341  event time missing (stime_onsdeath>=.)             PROBABLE ERROR
------------------------------------------------------------------------------
   17282435  observations remaining, representing
   17282435  subjects
     14,882  failures in single-failure-per-subject data
 2.4481e+09  total analysis time at risk and under observation
                                                at risk from t =         0
                                     earliest observed entry t =         0
                                          last observed exit t =       142

. 
. *Analyse without then with hhsize
. mi estimate, eform: stcox i.hiv age1 age2 age3 i.male i.imd i.smoke_nomiss i.obese4cat i.ethnicity if hh_total<., strata(stp)

Multiple-imputation estimates                   Imputations       =         10
Stratified Cox regr.: Breslow method for ties   Number of obs     = 17,280,716
                                                Average RVI       =     0.0607
                                                Largest FMI       =     0.4236
DF adjustment:   Large sample                   DF:     min       =      55.36
                                                        avg       =   7.31e+09
                                                        max       =   6.36e+10
Model F test:       Equal FMI                   F(  18,47093.4)   =    1647.15
Within VCE type:          OIM                   Prob > F          =     0.0000

-----------------------------------------------------------------------------------------
                     _t |     exp(b)   Std. Err.      t    P>|t|     [95% Conf. Interval]
------------------------+----------------------------------------------------------------
                  1.hiv |    2.58541   .5202636     4.72   0.000     1.742776    3.835458
                   age1 |    1.17249   .0228847     8.15   0.000     1.128484    1.218212
                   age2 |   .8980561   .0378769    -2.55   0.011     .8268044    .9754482
                   age3 |   1.321021   .1285057     2.86   0.004     1.091709    1.598499
                 1.male |   1.621903   .0276255    28.39   0.000     1.568652    1.676962
                        |
                    imd |
                     2  |   1.153524   .0314505     5.24   0.000       1.0935    1.216842
                     3  |   1.268735     .03471     8.70   0.000     1.202496    1.338622
                     4  |   1.589872   .0428493    17.20   0.000     1.508068    1.676113
       5 most deprived  |   1.868761   .0518062    22.56   0.000     1.769932    1.973108
                        |
           smoke_nomiss |
                Former  |   1.414539   .0259798    18.88   0.000     1.364526    1.466387
               Current  |   1.164434   .0416662     4.25   0.000     1.085567     1.24903
                        |
              obese4cat |
     Obese I (30-34.9)  |   1.109362   .0255675     4.50   0.000     1.060366    1.160623
    Obese II (35-39.9)  |   1.593405   .0537102    13.82   0.000     1.491537    1.702231
       Obese III (40+)  |   2.291061   .1073932    17.69   0.000     2.089954     2.51152
                        |
              ethnicity |
                 Mixed  |   1.537489   .2027295     3.26   0.002     1.180504    2.002427
Asian or Asian British  |   1.544401   .0627417    10.70   0.000     1.425802    1.672864
                 Black  |   1.621384   .0911592     8.60   0.000     1.452168    1.810319
                 Other  |   1.279924   .1102119     2.87   0.004     1.080645     1.51595
-----------------------------------------------------------------------------------------

. mi estimate, eform                                              

Multiple-imputation estimates                   Imputations       =         10
Stratified Cox regr.: Breslow method for ties   Number of obs     = 17,280,716
                                                Average RVI       =     0.0607
                                                Largest FMI       =     0.4236
DF adjustment:   Large sample                   DF:     min       =      55.36
                                                        avg       =   7.31e+09
                                                        max       =   6.36e+10
Model F test:       Equal FMI                   F(  18,47093.4)   =    1647.15
Within VCE type:          OIM                   Prob > F          =     0.0000

-----------------------------------------------------------------------------------------
                     _t |     exp(b)   Std. Err.      t    P>|t|     [95% Conf. Interval]
------------------------+----------------------------------------------------------------
                  1.hiv |    2.58541   .5202636     4.72   0.000     1.742776    3.835458
                   age1 |    1.17249   .0228847     8.15   0.000     1.128484    1.218212
                   age2 |   .8980561   .0378769    -2.55   0.011     .8268044    .9754482
                   age3 |   1.321021   .1285057     2.86   0.004     1.091709    1.598499
                 1.male |   1.621903   .0276255    28.39   0.000     1.568652    1.676962
                        |
                    imd |
                     2  |   1.153524   .0314505     5.24   0.000       1.0935    1.216842
                     3  |   1.268735     .03471     8.70   0.000     1.202496    1.338622
                     4  |   1.589872   .0428493    17.20   0.000     1.508068    1.676113
       5 most deprived  |   1.868761   .0518062    22.56   0.000     1.769932    1.973108
                        |
           smoke_nomiss |
                Former  |   1.414539   .0259798    18.88   0.000     1.364526    1.466387
               Current  |   1.164434   .0416662     4.25   0.000     1.085567     1.24903
                        |
              obese4cat |
     Obese I (30-34.9)  |   1.109362   .0255675     4.50   0.000     1.060366    1.160623
    Obese II (35-39.9)  |   1.593405   .0537102    13.82   0.000     1.491537    1.702231
       Obese III (40+)  |   2.291061   .1073932    17.69   0.000     2.089954     2.51152
                        |
              ethnicity |
                 Mixed  |   1.537489   .2027295     3.26   0.002     1.180504    2.002427
Asian or Asian British  |   1.544401   .0627417    10.70   0.000     1.425802    1.672864
                 Black  |   1.621384   .0911592     8.60   0.000     1.452168    1.810319
                 Other  |   1.279924   .1102119     2.87   0.004     1.080645     1.51595
-----------------------------------------------------------------------------------------

. 
. 
. mi estimate, eform: stcox i.hiv age1 age2 age3 i.male i.imd i.smoke_nomiss i.obese4cat i.ethnicity i.hhtotal, strata(stp)
variable hhtotal not found
an error occurred when mi estimate executed stcox on m=1
r(111);

end of do-file

r(111);

. doedit

. do "E:\STATATMP\STDa9c8_000000.tmp"

. mi estimate, eform: stcox i.hiv age1 age2 age3 i.male i.imd i.smoke_nomiss i.obese4cat i.ethnicity i.hh_total, strata(stp)

Multiple-imputation estimates                   Imputations       =         10
Stratified Cox regr.: Breslow method for ties   Number of obs     = 17,280,716
                                                Average RVI       =     0.0477
                                                Largest FMI       =     0.4013
DF adjustment:   Large sample                   DF:     min       =      61.61
                                                        avg       =   1.25e+10
                                                        max       =   2.52e+11
Model F test:       Equal FMI                   F(  22,91934.7)   =    2238.52
Within VCE type:          OIM                   Prob > F          =     0.0000

-----------------------------------------------------------------------------------------
                     _t |     exp(b)   Std. Err.      t    P>|t|     [95% Conf. Interval]
------------------------+----------------------------------------------------------------
                  1.hiv |   2.562856   .5159001     4.68   0.000     1.727341    3.802508
                   age1 |   1.096204    .018763     5.37   0.000     1.060039    1.133602
                   age2 |   1.136391   .0431749     3.37   0.001     1.054843    1.224242
                   age3 |   .6868205   .0609774    -4.23   0.000     .5771275    .8173626
                 1.male |   1.846379   .0320538    35.32   0.000     1.784611    1.910284
                        |
                    imd |
                     2  |   1.137535   .0310242     4.72   0.000     1.078325    1.199996
                     3  |   1.219701   .0334296     7.25   0.000     1.155909    1.287014
                     4  |    1.47024   .0397102    14.27   0.000     1.394433    1.550167
       5 most deprived  |   1.711378   .0475853    19.32   0.000     1.620609    1.807232
                        |
           smoke_nomiss |
                Former  |   1.458529   .0267824    20.55   0.000      1.40697    1.511977
               Current  |   1.198308   .0429999     5.04   0.000     1.116925     1.28562
                        |
              obese4cat |
     Obese I (30-34.9)  |   1.165033   .0269251     6.61   0.000     1.113438    1.219019
    Obese II (35-39.9)  |   1.669731   .0563665    15.19   0.000      1.56283    1.783944
       Obese III (40+)  |   2.357216   .1105232    18.29   0.000      2.15025    2.584103
                        |
              ethnicity |
                 Mixed  |   1.478153   .1917571     3.01   0.004     1.140469    1.915825
Asian or Asian British  |   1.277075    .053848     5.80   0.000     1.175444    1.387494
                 Black  |    1.61312   .0912399     8.45   0.000     1.443798    1.802299
                 Other  |   1.195974   .1036411     2.07   0.040     1.008621    1.418128
                        |
           hh_total_cat |
                   3-5  |   1.179928   .0326866     5.97   0.000     1.117572    1.245764
                  6-10  |   2.964272   .1206472    26.70   0.000     2.736989    3.210428
                   11+  |   11.28366   .2549101   107.27   0.000     10.79494     11.7945
               Unknown  |   .9396838    .028848    -2.03   0.043     .8848103    .9979605
-----------------------------------------------------------------------------------------

. mi estimate, eform                                              

Multiple-imputation estimates                   Imputations       =         10
Stratified Cox regr.: Breslow method for ties   Number of obs     = 17,280,716
                                                Average RVI       =     0.0477
                                                Largest FMI       =     0.4013
DF adjustment:   Large sample                   DF:     min       =      61.61
                                                        avg       =   1.25e+10
                                                        max       =   2.52e+11
Model F test:       Equal FMI                   F(  22,91934.7)   =    2238.52
Within VCE type:          OIM                   Prob > F          =     0.0000

-----------------------------------------------------------------------------------------
                     _t |     exp(b)   Std. Err.      t    P>|t|     [95% Conf. Interval]
------------------------+----------------------------------------------------------------
                  1.hiv |   2.562856   .5159001     4.68   0.000     1.727341    3.802508
                   age1 |   1.096204    .018763     5.37   0.000     1.060039    1.133602
                   age2 |   1.136391   .0431749     3.37   0.001     1.054843    1.224242
                   age3 |   .6868205   .0609774    -4.23   0.000     .5771275    .8173626
                 1.male |   1.846379   .0320538    35.32   0.000     1.784611    1.910284
                        |
                    imd |
                     2  |   1.137535   .0310242     4.72   0.000     1.078325    1.199996
                     3  |   1.219701   .0334296     7.25   0.000     1.155909    1.287014
                     4  |    1.47024   .0397102    14.27   0.000     1.394433    1.550167
       5 most deprived  |   1.711378   .0475853    19.32   0.000     1.620609    1.807232
                        |
           smoke_nomiss |
                Former  |   1.458529   .0267824    20.55   0.000      1.40697    1.511977
               Current  |   1.198308   .0429999     5.04   0.000     1.116925     1.28562
                        |
              obese4cat |
     Obese I (30-34.9)  |   1.165033   .0269251     6.61   0.000     1.113438    1.219019
    Obese II (35-39.9)  |   1.669731   .0563665    15.19   0.000      1.56283    1.783944
       Obese III (40+)  |   2.357216   .1105232    18.29   0.000      2.15025    2.584103
                        |
              ethnicity |
                 Mixed  |   1.478153   .1917571     3.01   0.004     1.140469    1.915825
Asian or Asian British  |   1.277075    .053848     5.80   0.000     1.175444    1.387494
                 Black  |    1.61312   .0912399     8.45   0.000     1.443798    1.802299
                 Other  |   1.195974   .1036411     2.07   0.040     1.008621    1.418128
                        |
           hh_total_cat |
                   3-5  |   1.179928   .0326866     5.97   0.000     1.117572    1.245764
                  6-10  |   2.964272   .1206472    26.70   0.000     2.736989    3.210428
                   11+  |   11.28366   .2549101   107.27   0.000     10.79494     11.7945
               Unknown  |   .9396838    .028848    -2.03   0.043     .8848103    .9979605
-----------------------------------------------------------------------------------------

. 
. log close
      name:  <unnamed>
       log:  E:\analyses\hiv-research\analysis\output/an_sens_addhhsize.log
  log type:  text
 closed on:  15 Sep 2020, 13:33:59
----------------------------------------------------------------------------------------------------------------------------------
