----------------------------------------------------------------------------------------------------------------------------------
      name:  <unnamed>
       log:  E:\analyses\hiv-research\analysis\output/an_sens_logistic.log
  log type:  text
 opened on:  15 Sep 2020, 01:31:32

. 
. run global

. 
. * Add imputations to the full dataset
. use "an_impute_imputeddata", clear
(Analysis dataset HIV project)

. 
. // Declare imputed data as survival
. mi stset stime_onsdeath, fail(onsdeath==1) enter(enter_date)    ///
>         origin(enter_date) id(patient_id)

                id:  patient_id
     failure event:  onsdeath == 1
obs. time interval:  (stime_onsdeath[_n-1], stime_onsdeath]
 enter on or after:  time enter_date
 exit on or before:  failure
    t for analysis:  (time-origin)
            origin:  time enter_date

------------------------------------------------------------------------------
   17282435  total observations
          0  exclusions
------------------------------------------------------------------------------
   17282435  observations remaining, representing
   17282435  subjects
     14,882  failures in single-failure-per-subject data
 2.4481e+09  total analysis time at risk and under observation
                                                at risk from t =         0
                                     earliest observed entry t =         0
                                          last observed exit t =       142

. 
. mi estimate: logistic _d i.hiv age1 age2 age3 i.male i.imd i.smoke_nomiss i.obese4cat i.ethnicity

Multiple-imputation estimates                   Imputations       =         10
Logistic regression                             Number of obs     = 17,282,435
                                                Average RVI       =     0.0557
                                                Largest FMI       =     0.4160
DF adjustment:   Large sample                   DF:     min       =      57.40
                                                        avg       =   3.35e+09
                                                        max       =   4.31e+10
Model F test:       Equal FMI                   F(  18,50053.0)   =    1592.56
Within VCE type:          OIM                   Prob > F          =     0.0000

-----------------------------------------------------------------------------------------
                     _d |      Coef.   Std. Err.      t    P>|t|     [95% Conf. Interval]
------------------------+----------------------------------------------------------------
                  1.hiv |   .9729624   .2021006     4.81   0.000     .5768524    1.369072
                   age1 |   .1555398   .0193425     8.04   0.000     .1176293    .1934503
                   age2 |  -.0965961   .0418567    -2.31   0.021    -.1786337   -.0145585
                   age3 |   .2462851   .0966105     2.55   0.011     .0569321    .4356381
                 1.male |   .4791173   .0171181    27.99   0.000     .4455663    .5126682
                        |
                    imd |
                     2  |   .1233661   .0272452     4.53   0.000     .0699665    .1767656
                     3  |   .1844222    .027185     6.78   0.000     .1311407    .2377038
                     4  |   .4503535   .0266027    16.93   0.000     .3982132    .5024937
       5 most deprived  |   .6757789    .026791    25.22   0.000     .6232696    .7282883
                        |
           smoke_nomiss |
                Former  |   .3360309   .0184417    18.22   0.000     .2998858    .3721759
               Current  |   .1562724   .0358802     4.36   0.000     .0859484    .2265964
                        |
              obese4cat |
     Obese I (30-34.9)  |   .1084196   .0231261     4.69   0.000     .0630933    .1537458
    Obese II (35-39.9)  |   .4740772   .0338386    14.01   0.000     .4077548    .5403996
       Obese III (40+)  |   .8368255   .0470643    17.78   0.000     .7445811    .9290698
                        |
              ethnicity |
                 Mixed  |   .5980635   .1312335     4.56   0.000     .3353127    .8608143
Asian or Asian British  |   .6568475   .0388738    16.90   0.000     .5804263    .7332687
                 Black  |   .7334357   .0554654    13.22   0.000     .6246894    .8421819
                 Other  |   .4185873   .0856277     4.89   0.000     .2503059    .5868686
                        |
                  _cons |  -17.20902   .7043534   -24.43   0.000    -18.58953   -15.82851
-----------------------------------------------------------------------------------------

. mi estimate, eform

Multiple-imputation estimates                   Imputations       =         10
Logistic regression                             Number of obs     = 17,282,435
                                                Average RVI       =     0.0557
                                                Largest FMI       =     0.4160
DF adjustment:   Large sample                   DF:     min       =      57.40
                                                        avg       =   3.35e+09
                                                        max       =   4.31e+10
Model F test:       Equal FMI                   F(  18,50053.0)   =    1592.56
Within VCE type:          OIM                   Prob > F          =     0.0000

-----------------------------------------------------------------------------------------
                     _d |     exp(b)   Std. Err.      t    P>|t|     [95% Conf. Interval]
------------------------+----------------------------------------------------------------
                  1.hiv |   2.645771    .534712     4.81   0.000     1.780426    3.931702
                   age1 |   1.168288   .0225976     8.04   0.000     1.124827    1.213429
                   age2 |   .9079226   .0380026    -2.31   0.021     .8364123    .9855469
                   age3 |   1.279264   .1235903     2.55   0.011     1.058584    1.545949
                 1.male |   1.614649   .0276398    27.99   0.000     1.561374    1.669741
                        |
                    imd |
                     2  |   1.131298   .0308224     4.53   0.000     1.072472    1.193351
                     3  |   1.202523   .0326906     6.78   0.000     1.140128    1.268333
                     4  |   1.568867    .041736    16.93   0.000     1.489162    1.652838
       5 most deprived  |   1.965563   .0526593    25.22   0.000     1.865016    2.071532
                        |
           smoke_nomiss |
                Former  |   1.399382   .0258069    18.22   0.000     1.349705    1.450888
               Current  |   1.169145   .0419492     4.36   0.000      1.08975    1.254323
                        |
              obese4cat |
     Obese I (30-34.9)  |   1.114515   .0257743     4.69   0.000     1.065126    1.166194
    Obese II (35-39.9)  |   1.606531   .0543627    14.01   0.000     1.503439    1.716693
       Obese III (40+)  |   2.309025   .1086727    17.78   0.000     2.105559    2.532153
                        |
              ethnicity |
                 Mixed  |   1.818594   .2386603     4.56   0.000     1.398378    2.365086
Asian or Asian British  |   1.928703   .0749761    16.90   0.000       1.7868    2.081875
                 Black  |   2.082222   .1154914    13.22   0.000     1.867666    2.321427
                 Other  |   1.519813    .130138     4.89   0.000     1.284418    1.798348
                        |
                  _cons |   3.36e-08   2.37e-08   -24.43   0.000     8.45e-09    1.34e-07
-----------------------------------------------------------------------------------------

. estimates save "./output/models/an_sens_logistic_WITHOUTSTP", replace                                           
(note: file ./output/models/an_sens_logistic_WITHOUTSTP.ster not found)
file ./output/models/an_sens_logistic_WITHOUTSTP.ster saved

.         
. mi estimate: logistic _d i.hiv age1 age2 age3 i.male i.imd i.smoke_nomiss i.obese4cat i.ethnicity i.stp

Multiple-imputation estimates                   Imputations       =         10
Logistic regression                             Number of obs     = 17,282,435
                                                Average RVI       =     0.0219
                                                Largest FMI       =     0.4237
DF adjustment:   Large sample                   DF:     min       =      55.35
                                                        avg       =   9.57e+09
                                                        max       =   7.72e+10
Model F test:       Equal FMI                   F(  49,905251.4)  =     637.77
Within VCE type:          OIM                   Prob > F          =     0.0000

-----------------------------------------------------------------------------------------
                     _d |      Coef.   Std. Err.      t    P>|t|     [95% Conf. Interval]
------------------------+----------------------------------------------------------------
                  1.hiv |   .9499154   .2021703     4.70   0.000     .5536689    1.346162
                   age1 |   .1550256   .0193754     8.00   0.000     .1170506    .1930006
                   age2 |  -.0949026   .0419275    -2.26   0.024     -.177079   -.0127262
                   age3 |   .2436735    .096774     2.52   0.012         .054     .433347
                 1.male |   .4831885   .0171212    28.22   0.000     .4496316    .5167455
                        |
                    imd |
                     2  |   .1423675    .027366     5.20   0.000     .0887312    .1960039
                     3  |   .2363871   .0274666     8.61   0.000     .1825536    .2902205
                     4  |   .4612599   .0270723    17.04   0.000     .4081992    .5143206
       5 most deprived  |   .6230734   .0278574    22.37   0.000     .5684738    .6776729
                        |
           smoke_nomiss |
                Former  |   .3448282   .0184546    18.69   0.000     .3086577    .3809986
               Current  |   .1452624    .035876     4.05   0.000     .0749467     .215578
                        |
              obese4cat |
     Obese I (30-34.9)  |    .108688   .0231477     4.70   0.000     .0633192    .1540567
    Obese II (35-39.9)  |   .4694432   .0338644    13.86   0.000     .4030703    .5358161
       Obese III (40+)  |    .831526   .0470903    17.66   0.000     .7392307    .9238214
                        |
              ethnicity |
                 Mixed  |   .4369243   .1326885     3.29   0.002     .1710481    .7028006
Asian or Asian British  |   .4427904   .0408672    10.83   0.000     .3624207      .52316
                 Black  |   .4937569   .0567741     8.70   0.000     .3824498    .6050639
                 Other  |   .2522971   .0866258     2.91   0.004     .0820347    .4225596
                        |
                    stp |
                     2  |  -.6383223   .7134742    -0.89   0.371    -2.036706    .7600614
                     3  |  -.8658829   .7141689    -1.21   0.225    -2.265628    .5338624
                     4  |  -.3310585   .7162869    -0.46   0.644    -1.734955    1.072838
                     5  |  -.2577465   .7180267    -0.36   0.720    -1.665053     1.14956
                     6  |  -.6215103   .7138598    -0.87   0.384     -2.02065    .7776291
                     7  |  -.3860927   .7233919    -0.53   0.594    -1.803915    1.031729
                     8  |  -.5305128   .7140596    -0.74   0.458    -1.930044    .8690182
                     9  |  -1.683832   .7164972    -2.35   0.019     -3.08814   -.2795231
                    10  |  -.7105205   .7141601    -0.99   0.320    -2.110249    .6892076
                    11  |  -.6775957   .7142963    -0.95   0.343    -2.077591    .7223994
                    12  |  -.4174527   .7151544    -0.58   0.559     -1.81913    .9842242
                    13  |  -.4541901   .7144952    -0.64   0.525    -1.854575    .9461948
                    14  |  -.4178456   .7146099    -0.58   0.559    -1.818455     .982764
                    15  |   -.923404   .7148606    -1.29   0.196    -2.324505    .4776969
                    16  |    -1.2962   .7147344    -1.81   0.070    -2.697054    .1046531
                    17  |  -.8807516   .7147025    -1.23   0.218    -2.281543    .5200396
                    18  |  -.3755655   .7141105    -0.53   0.599    -1.775196    1.024065
                    19  |   -.494077   .7143762    -0.69   0.489    -1.894229    .9060746
                    20  |  -.5070063    .713893    -0.71   0.478    -1.906211    .8921982
                    21  |   -.305703   .7138716    -0.43   0.668    -1.704866     1.09346
                    22  |  -.4500162   .7253026    -0.62   0.535    -1.871583    .9715507
                    23  |  -1.007273    .714674    -1.41   0.159    -2.408008    .3934621
                    24  |  -.2255126   .7281334    -0.31   0.757    -1.652628    1.201603
                    25  |  -1.918689   .7262857    -2.64   0.008    -3.342183   -.4951955
                    26  |  -1.938341   .7167923    -2.70   0.007    -3.343228   -.5334537
                    27  |  -.8626323   .7145439    -1.21   0.227    -2.263112     .537848
                    28  |  -1.649346   .7158466    -2.30   0.021     -3.05238   -.2463127
                    29  |  -1.162176   .7155465    -1.62   0.104    -2.564621    .2402693
                    30  |  -.5697262   .7152843    -0.80   0.426    -1.971658    .8322053
                    31  |  -.8656814   .7618967    -1.14   0.256    -2.358972    .6276088
                    32  |  -.5349501    .713509    -0.75   0.453    -1.933402    .8635018
                        |
                  _cons |  -16.46737   1.003362   -16.41   0.000    -18.43392   -14.50082
-----------------------------------------------------------------------------------------

. mi estimate, eform

Multiple-imputation estimates                   Imputations       =         10
Logistic regression                             Number of obs     = 17,282,435
                                                Average RVI       =     0.0219
                                                Largest FMI       =     0.4237
DF adjustment:   Large sample                   DF:     min       =      55.35
                                                        avg       =   9.57e+09
                                                        max       =   7.72e+10
Model F test:       Equal FMI                   F(  49,905251.4)  =     637.77
Within VCE type:          OIM                   Prob > F          =     0.0000

-----------------------------------------------------------------------------------------
                     _d |     exp(b)   Std. Err.      t    P>|t|     [95% Conf. Interval]
------------------------+----------------------------------------------------------------
                  1.hiv |   2.585491   .5227094     4.70   0.000     1.739624    3.842649
                   age1 |   1.167688   .0226244     8.00   0.000     1.124176    1.212884
                   age2 |   .9094615   .0381315    -2.26   0.024     .8377136    .9873544
                   age3 |   1.275928   .1234766     2.52   0.012     1.055485    1.542411
                 1.male |   1.621236   .0277575    28.22   0.000     1.567734    1.676562
                        |
                    imd |
                     2  |      1.153    .031553     5.20   0.000     1.092787    1.216532
                     3  |   1.266664   .0347909     8.61   0.000     1.200278    1.336722
                     4  |   1.586071   .0429386    17.04   0.000     1.504107    1.672502
       5 most deprived  |    1.86465   .0519443    22.37   0.000      1.76557     1.96929
                        |
           smoke_nomiss |
                Former  |   1.411747   .0260533    18.69   0.000     1.361596    1.463746
               Current  |   1.156343   .0414849     4.05   0.000     1.077827    1.240579
                        |
              obese4cat |
     Obese I (30-34.9)  |   1.114814   .0258054     4.70   0.000     1.065367    1.166557
    Obese II (35-39.9)  |   1.599104   .0541526    13.86   0.000     1.496412    1.708842
       Obese III (40+)  |   2.296821   .1081581    17.66   0.000     2.094324    2.518898
                        |
              ethnicity |
                 Mixed  |   1.547939   .2053938     3.29   0.002     1.186548      2.0194
Asian or Asian British  |   1.557046    .063632    10.83   0.000     1.436803    1.687351
                 Black  |    1.63846   .0930221     8.70   0.000     1.465871    1.831369
                 Other  |   1.286978   .1114855     2.91   0.004     1.085494    1.525862
                        |
                    stp |
                     2  |   .5281778   .3768412    -0.89   0.371     .1304577    2.138407
                     3  |     .42068   .3004365    -1.21   0.225     .1037648    1.705507
                     4  |   .7181631   .5144109    -0.46   0.644     .1764081    2.923665
                     5  |   .7727911   .5548847    -0.36   0.720     .1891806    3.156804
                     6  |   .5371326   .3834373    -0.87   0.384     .1325693    2.176306
                     7  |   .6797075   .4916949    -0.53   0.594      .164653    2.805914
                     8  |   .5883032   .4200835    -0.74   0.458     .1451418    2.384569
                     9  |   .1856612   .1330257    -2.35   0.019     .0455866    .7561443
                    10  |   .4913884     .35093    -0.99   0.320     .1212078    1.992136
                    11  |   .5078365   .3627458    -0.95   0.343     .1252316    2.059369
                    12  |   .6587227   .4710884    -0.58   0.559     .1621668    2.675735
                    13  |    .634962   .4536773    -0.64   0.525     .1565194    2.575889
                    14  |   .6584639   .4705448    -0.58   0.559     .1622762    2.671831
                    15  |   .3971648   .2839174    -1.29   0.196     .0978319    1.612357
                    16  |   .2735692   .1955293    -1.81   0.070     .0674038    1.110325
                    17  |   .4144713   .2962237    -1.23   0.218     .1021265    1.682094
                    18  |   .6869007    .490523    -0.53   0.599     .1694502    2.784492
                    19  |   .6101338    .435865    -0.69   0.489     .1504344     2.47459
                    20  |    .602296   .4299749    -0.71   0.478     .1486425    2.440489
                    21  |   .7366053   .5258416    -0.43   0.668     .1817968    2.984581
                    22  |   .6376178   .4624659    -0.62   0.535     .1538799    2.642038
                    23  |   .3652135   .2610086    -1.41   0.159     .0899943    1.482103
                    24  |    .798107   .5811284    -0.31   0.757     .1915459    3.325442
                    25  |   .1467992   .1066182    -2.64   0.008     .0353597    .6094518
                    26  |   .1439426   .1031769    -2.70   0.007     .0353228    .5865756
                    27  |   .4220497    .301573    -1.21   0.227     .1040262    1.712318
                    28  |   .1921755   .1375682    -2.30   0.021     .0472464    .7816778
                    29  |   .3128048   .2238263    -1.62   0.104     .0769483    1.271592
                    30  |   .5656803   .4046222    -0.80   0.426     .1392259    2.298382
                    31  |   .4207648   .3205793    -1.14   0.256     .0945174    1.873126
                    32  |   .5856985   .4179012    -0.75   0.453     .1446552    2.371451
                        |
                  _cons |   7.05e-08   7.08e-08   -16.41   0.000     9.87e-09    5.04e-07
-----------------------------------------------------------------------------------------

. estimates save "./output/models/an_sens_logistic_WITHSTP", replace                                              
(note: file ./output/models/an_sens_logistic_WITHSTP.ster not found)
file ./output/models/an_sens_logistic_WITHSTP.ster saved

. 
. mi passive: gen nonblack = (ethnicity != 4) if ethnicity<.
m=0:
(4,557,693 missing values generated)
m=1:
m=2:
m=3:
m=4:
m=5:
m=6:
m=7:
m=8:
m=9:
m=10:

. mi estimate (_b[1.hiv]+_b[1.hiv#1.nonblack]): logistic _d i.hiv i.ethnicity age1 age2 age3 i.male i.imd i.smoke_nomiss i.obese4c
> at  1.hiv#1.nonblack i.stp

Multiple-imputation estimates                   Imputations       =         10
Logistic regression                             Number of obs     = 17,282,435
                                                Average RVI       =     0.0234
                                                Largest FMI       =     0.4254
DF adjustment:   Large sample                   DF:     min       =      54.91
                                                        avg       =   7.55e+09
                                                        max       =   6.13e+10
Model F test:       Equal FMI                   F(  50,815197.5)  =     623.99
Within VCE type:          OIM                   Prob > F          =     0.0000

-----------------------------------------------------------------------------------------
                     _d |      Coef.   Std. Err.      t    P>|t|     [95% Conf. Interval]
------------------------+----------------------------------------------------------------
                  1.hiv |   1.456394   .2955932     4.93   0.000     .8768806    2.035907
                        |
              ethnicity |
                 Mixed  |   .4400259   .1328712     3.31   0.002     .1737365    .7063154
Asian or Asian British  |   .4424298   .0408791    10.82   0.000     .3620353    .5228243
                 Black  |   .4790064    .057686     8.30   0.000     .3659052    .5921076
                 Other  |   .2523219   .0866203     2.91   0.004     .0820711    .4225726
                        |
                   age1 |   .1547361   .0193688     7.99   0.000     .1167741    .1926982
                   age2 |  -.0941339    .041917    -2.25   0.025    -.1762896   -.0119782
                   age3 |    .241795   .0967533     2.50   0.012      .052162    .4314281
                 1.male |   .4835244   .0171216    28.24   0.000     .4499667     .517082
                        |
                    imd |
                     2  |   .1424153    .027366     5.20   0.000      .088779    .1960516
                     3  |     .23642   .0274667     8.61   0.000     .1825863    .2902537
                     4  |    .461373   .0270725    17.04   0.000     .4083118    .5144342
       5 most deprived  |   .6231193   .0278578    22.37   0.000      .568519    .6777196
                        |
           smoke_nomiss |
                Former  |   .3449062   .0184547    18.69   0.000     .3087356    .3810768
               Current  |   .1457785   .0358744     4.06   0.000      .075466     .216091
                        |
              obese4cat |
     Obese I (30-34.9)  |   .1085481   .0231478     4.69   0.000     .0631792    .1539169
    Obese II (35-39.9)  |   .4692273   .0338649    13.86   0.000     .4028533    .5356012
       Obese III (40+)  |   .8312369   .0470911    17.65   0.000     .7389401    .9235337
                        |
           hiv#nonblack |
                   1 1  |  -.8459471   .4256414    -1.99   0.047    -1.681028   -.0108663
                        |
                    stp |
                     2  |  -.6373874   .7134671    -0.89   0.372    -2.035757    .7609824
                     3  |  -.8649769   .7141618    -1.21   0.226    -2.264708    .5347546
                     4  |   -.330116     .71628    -0.46   0.645    -1.733999    1.073767
                     5  |  -.2567562   .7180197    -0.36   0.721    -1.664049    1.150537
                     6  |  -.6205863   .7138527    -0.87   0.385    -2.019712    .7785394
                     7  |  -.3849998   .7233851    -0.53   0.595    -1.802808    1.032809
                     8  |  -.5295392   .7140526    -0.74   0.458    -1.929057    .8699782
                     9  |  -1.682948   .7164901    -2.35   0.019    -3.087242   -.2786529
                    10  |  -.7094638   .7141531    -0.99   0.320    -2.109178    .6902506
                    11  |  -.6766148   .7142892    -0.95   0.344    -2.076596    .7233664
                    12  |  -.4154812    .715149    -0.58   0.561    -1.817147     .986185
                    13  |  -.4528886   .7144886    -0.63   0.526    -1.853261    .9474833
                    14  |  -.4170808   .7146026    -0.58   0.559    -1.817676    .9835144
                    15  |  -.9223923   .7148535    -1.29   0.197    -2.323479    .4786947
                    16  |  -1.295266   .7147274    -1.81   0.070    -2.696106    .1055734
                    17  |  -.8797279   .7146955    -1.23   0.218    -2.280505    .5210496
                    18  |  -.3746897   .7141031    -0.52   0.600    -1.774306    1.024927
                    19  |  -.4931554   .7143689    -0.69   0.490    -1.893293    .9069818
                    20  |  -.5060887   .7138859    -0.71   0.478    -1.905279    .8931018
                    21  |  -.3030205   .7138668    -0.42   0.671    -1.702174    1.096133
                    22  |   -.447755   .7252974    -0.62   0.537    -1.869312    .9738018
                    23  |  -1.005999   .7146671    -1.41   0.159    -2.406721    .3947227
                    24  |  -.2244998   .7281266    -0.31   0.758    -1.651602    1.202602
                    25  |  -1.917778   .7262788    -2.64   0.008    -3.341258   -.4942972
                    26  |  -1.937458   .7167851    -2.70   0.007    -3.342331   -.5325851
                    27  |  -.8617044   .7145368    -1.21   0.228    -2.262171     .538762
                    28  |  -1.648181   .7158397    -2.30   0.021    -3.051201   -.2451611
                    29  |  -1.161228   .7155394    -1.62   0.105    -2.563659    .2412035
                    30  |  -.5687145   .7152773    -0.80   0.427    -1.970632    .8332033
                    31  |  -.8648615   .7618899    -1.14   0.256    -2.358138    .6284153
                    32  |  -.5340371   .7135019    -0.75   0.454    -1.932475     .864401
                        |
                  _cons |  -16.45944   1.003166   -16.41   0.000    -18.42561   -14.49327
-----------------------------------------------------------------------------------------

Transformations                                 Average RVI       =     0.0482
                                                Largest FMI       =     0.0464
DF adjustment:   Large sample                   DF:     min       =   4,259.31
                                                        avg       =   4,259.31
Within VCE type:          OIM                           max       =   4,259.31

        _mi_1: _b[1.hiv]+_b[1.hiv#1.nonblack]

------------------------------------------------------------------------------
          _d |      Coef.   Std. Err.      t    P>|t|     [95% Conf. Interval]
-------------+----------------------------------------------------------------
       _mi_1 |   .6104468   .2937358     2.08   0.038     .0345716    1.186322
------------------------------------------------------------------------------

. estimates save "./output/models/an_sens_logistic_ETHNICITY_INT", replace                                                
(note: file ./output/models/an_sens_logistic_ETHNICITY_INT.ster not found)
file ./output/models/an_sens_logistic_ETHNICITY_INT.ster saved

. mi estimate, eform                                      

Multiple-imputation estimates                   Imputations       =         10
Logistic regression                             Number of obs     = 17,282,435
                                                Average RVI       =     0.0234
                                                Largest FMI       =     0.4254
DF adjustment:   Large sample                   DF:     min       =      54.91
                                                        avg       =   7.55e+09
                                                        max       =   6.13e+10
Model F test:       Equal FMI                   F(  50,815197.5)  =     623.99
Within VCE type:          OIM                   Prob > F          =     0.0000

-----------------------------------------------------------------------------------------
                     _d |     exp(b)   Std. Err.      t    P>|t|     [95% Conf. Interval]
------------------------+----------------------------------------------------------------
                  1.hiv |    4.29046   1.268231     4.93   0.000     2.403391    7.659196
                        |
              ethnicity |
                 Mixed  |   1.552747   .2063154     3.31   0.002     1.189742    2.026511
Asian or Asian British  |   1.556485   .0636277    10.82   0.000      1.43625    1.686785
                 Black  |   1.614469   .0931324     8.30   0.000     1.441819    1.807795
                 Other  |    1.28701   .1114812     2.91   0.004     1.085533    1.525882
                        |
                   age1 |    1.16735   .0226101     7.99   0.000     1.123865    1.212517
                   age2 |   .9101609   .0381512    -2.25   0.025     .8383751    .9880933
                   age3 |   1.273533   .1232186     2.50   0.012     1.053546    1.539454
                 1.male |    1.62178   .0277674    28.24   0.000      1.56826    1.677127
                        |
                    imd |
                     2  |   1.153055   .0315545     5.20   0.000     1.092839     1.21659
                     3  |   1.266706   .0347922     8.61   0.000     1.200318    1.336767
                     4  |    1.58625   .0429438    17.04   0.000     1.504276    1.672692
       5 most deprived  |   1.864736   .0519474    22.37   0.000      1.76565    1.969382
                        |
           smoke_nomiss |
                Former  |   1.411857   .0260554    18.69   0.000     1.361702     1.46386
               Current  |    1.15694   .0415045     4.06   0.000     1.078387    1.241215
                        |
              obese4cat |
     Obese I (30-34.9)  |   1.114658   .0258019     4.69   0.000     1.065218    1.166394
    Obese II (35-39.9)  |   1.598758   .0541418    13.86   0.000     1.496087    1.708475
       Obese III (40+)  |   2.296157   .1081285    17.65   0.000     2.093715    2.518173
                        |
           hiv#nonblack |
                   1 1  |   .4291507   .1826643    -1.99   0.047     .1861825    .9891925
                        |
                    stp |
                     2  |   .5286718   .3771899    -0.89   0.372     .1305816    2.140378
                     3  |   .4210613   .3007059    -1.21   0.226     .1038603    1.707029
                     4  |   .7188404    .514891    -0.46   0.645     .1765769    2.926383
                     5  |   .7735567    .555429    -0.36   0.721     .1893707    3.159888
                     6  |   .5376291    .383788    -0.87   0.385     .1326937    2.178288
                     7  |   .6804508   .4922279    -0.53   0.595     .1648353    2.808945
                     8  |   .5888762   .4204886    -0.74   0.458     .1452852    2.386859
                     9  |   .1858254   .1331421    -2.35   0.019     .0456276    .7568026
                    10  |   .4919079   .3512976    -0.99   0.320     .1213376    1.994215
                    11  |   .5083349   .3630981    -0.95   0.344     .1253562    2.061361
                    12  |   .6600226   .4720145    -0.58   0.561     .1624886    2.680987
                    13  |   .6357889    .454264    -0.63   0.526     .1567253     2.57921
                    14  |   .6589676      .4709    -0.58   0.559     .1624027    2.673837
                    15  |   .3975668    .284202    -1.29   0.197     .0979323    1.613966
                    16  |   .2738249   .1957101    -1.81   0.070     .0674677    1.111348
                    17  |   .4148958   .2965242    -1.23   0.218     .1022325    1.683794
                    18  |   .6875026   .4909477    -0.52   0.600     .1696011    2.786891
                    19  |   .6106964   .4362625    -0.69   0.490     .1505752    2.476836
                    20  |   .6028489   .4303653    -0.71   0.478     .1487811    2.442695
                    21  |    .738584   .5272506    -0.42   0.671     .1822868    2.992571
                    22  |   .6390612   .4635095    -0.62   0.537     .1542298    2.647992
                    23  |   .3656791   .2613388    -1.41   0.159     .0901103    1.483973
                    24  |   .7989158   .5817119    -0.31   0.758     .1917425    3.328768
                    25  |   .1469332   .1067144    -2.64   0.008     .0353924    .6099994
                    26  |   .1440697    .103267    -2.70   0.007     .0353544    .5870853
                    27  |   .4224414     .30185    -1.21   0.228     .1041242    1.713884
                    28  |   .1923995   .1377272    -2.30   0.021     .0473021    .7825784
                    29  |   .3131015   .2240364    -1.62   0.105     .0770224     1.27278
                    30  |   .5662529   .4050278    -0.80   0.427     .1393687    2.300677
                    31  |   .4211099   .3208394    -1.14   0.256     .0945962    1.874637
                    32  |   .5862335   .4182787    -0.75   0.454     .1447894    2.373584
                        |
                  _cons |   7.11e-08   7.13e-08   -16.41   0.000     9.95e-09    5.08e-07
-----------------------------------------------------------------------------------------

Transformations                                 Average RVI       =     0.0482
                                                Largest FMI       =     0.0464
DF adjustment:   Large sample                   DF:     min       =   4,259.31
                                                        avg       =   4,259.31
Within VCE type:          OIM                           max       =   4,259.31

        _mi_1: _b[1.hiv]+_b[1.hiv#1.nonblack]

------------------------------------------------------------------------------
          _d |      Coef.   Std. Err.      t    P>|t|     [95% Conf. Interval]
-------------+----------------------------------------------------------------
       _mi_1 |   .6104468   .2937358     2.08   0.038     .0345716    1.186322
------------------------------------------------------------------------------

. 
. 
. log close
      name:  <unnamed>
       log:  E:\analyses\hiv-research\analysis\output/an_sens_logistic.log
  log type:  text
 closed on:  15 Sep 2020, 03:26:07
----------------------------------------------------------------------------------------------------------------------------------
